#
# There is insufficient memory for the Java Runtime Environment to continue.
# Native memory allocation (mmap) failed to map 14680064 bytes for G1 virtual space
# Possible reasons:
#   The system is out of physical RAM or swap space
#   The process is running with CompressedOops enabled, and the Java Heap may be blocking the growth of the native heap
# Possible solutions:
#   Reduce memory load on the system
#   Increase physical memory or swap space
#   Check if swap backing store is full
#   Decrease Java heap size (-Xmx/-Xms)
#   Decrease number of Java threads
#   Decrease Java thread stack sizes (-Xss)
#   Set larger code cache with -XX:ReservedCodeCacheSize=
#   JVM is running with Unscaled Compressed Oops mode in which the Java heap is
#     placed in the first 4GB address space. The Java Heap base address is the
#     maximum limit for the native heap growth. Please use -XX:HeapBaseMinAddress
#     to set the Java Heap base and to place the Java Heap above 4GB virtual address.
# This output file may be truncated or incomplete.
#
#  Out of Memory Error (./open/src/hotspot/os/windows/os_windows.cpp:3472), pid=13204, tid=10016
#
# JRE version: OpenJDK Runtime Environment (15.0.1+9) (build 15.0.1+9-18)
# Java VM: OpenJDK 64-Bit Server VM (15.0.1+9-18, mixed mode, tiered, compressed oops, g1 gc, windows-amd64)
# No core dump will be written. Minidumps are not enabled by default on client versions of Windows
#

---------------  S U M M A R Y ------------

Command Line: -XX:+ShowCodeDetailsInExceptionMessages -agentlib:jdwp=transport=dt_socket,suspend=y,address=localhost:49982 -Dcom.sun.management.jmxremote -Dcom.sun.management.jmxremote.port=49981 -Dcom.sun.management.jmxremote.authenticate=false -Dcom.sun.management.jmxremote.ssl=false -Djava.rmi.server.hostname=localhost -Dspring.jmx.enabled=true -Dspring.application.admin.enabled=true -XX:TieredStopAtLevel=1 -Dspring.boot.project.name=aplicativospringrestapi -javaagent:C:\sts-4.9.0.RELEASE\configuration\org.eclipse.osgi\252\0\.cp\lib\javaagent-shaded.jar -Dfile.encoding=UTF-8 aplicativo.api.rest.AplicativospringrestapiApplication --spring.output.ansi.enabled=always

Host: Intel(R) Core(TM) i3-4005U CPU @ 1.70GHz, 4 cores, 3G,  Windows 10 , 64 bit Build 19041 (10.0.19041.546)
Time: Sat Jan 16 16:50:22 2021 Hora Padrão de Buenos Aires elapsed time: 22.702158 seconds (0d 0h 0m 22s)

---------------  T H R E A D  ---------------

Current thread (0x000002847fc517b0):  VMThread "VM Thread" [stack: 0x000000f747a00000,0x000000f747b00000] [id=10016]

Stack: [0x000000f747a00000,0x000000f747b00000]
[error occurred during error reporting (printing stack bounds), id 0xc0000005, EXCEPTION_ACCESS_VIOLATION (0xc0000005) at pc=0x000002846f1e10ad]

Native frames: (J=compiled Java code, j=interpreted, Vv=VM code, C=native code)
V  [jvm.dll+0x62ae9a]
V  [jvm.dll+0x781389]
V  [jvm.dll+0x782ae3]
V  [jvm.dll+0x7830a5]
V  [jvm.dll+0x78305b]
V  [jvm.dll+0x62a2b9]
V  [jvm.dll+0x62aa88]
C  [ntdll.dll+0xa10ff]
C  [ntdll.dll+0x4b474]
C  [ntdll.dll+0x9fc2e]
C  0x000002846f1e10ad

VM_Operation (0x000000f7491f7b50): G1CollectForAllocation, mode: safepoint, requested by thread 0x0000028404653a00


---------------  P R O C E S S  ---------------

Threads class SMR info:
_java_thread_list=0x000002840500dcc0, length=25, elements={
0x000002846b7d0780, 0x000002847fc87140, 0x000002847fc89c30, 0x000002847fc6f670,
0x000002847fc73050, 0x000002847fcb12b0, 0x000002847fcb3840, 0x000002847fcbb3d0,
0x000002847fbfdb10, 0x00000284039975d0, 0x000002840399a290, 0x000002840399e7a0,
0x00000284041bc020, 0x000002840445f220, 0x00000284044769b0, 0x00000284044d50d0,
0x000002840450aa10, 0x000002840447c520, 0x0000028404502e40, 0x000002840449c580,
0x0000028404653530, 0x0000028404653a00, 0x00000284052c3bd0, 0x00000284052beed0,
0x00000284052bc850
}

Java Threads: ( => current thread )
  0x000002846b7d0780 JavaThread "main" [_thread_blocked, id=12420, stack(0x000000f747400000,0x000000f747500000)]
  0x000002847fc87140 JavaThread "Reference Handler" daemon [_thread_blocked, id=12380, stack(0x000000f747b00000,0x000000f747c00000)]
  0x000002847fc89c30 JavaThread "Finalizer" daemon [_thread_blocked, id=12456, stack(0x000000f747c00000,0x000000f747d00000)]
  0x000002847fc6f670 JavaThread "Signal Dispatcher" daemon [_thread_blocked, id=12600, stack(0x000000f747d00000,0x000000f747e00000)]
  0x000002847fc73050 JavaThread "Attach Listener" daemon [_thread_blocked, id=12596, stack(0x000000f747e00000,0x000000f747f00000)]
  0x000002847fcb12b0 JavaThread "Service Thread" daemon [_thread_blocked, id=12592, stack(0x000000f747f00000,0x000000f748000000)]
  0x000002847fcb3840 JavaThread "C1 CompilerThread0" daemon [_thread_blocked, id=12764, stack(0x000000f748000000,0x000000f748100000)]
  0x000002847fcbb3d0 JavaThread "Sweeper thread" daemon [_thread_blocked, id=12768, stack(0x000000f748100000,0x000000f748200000)]
  0x000002847fbfdb10 JavaThread "Common-Cleaner" daemon [_thread_blocked, id=12760, stack(0x000000f748200000,0x000000f748300000)]
  0x00000284039975d0 JavaThread "JDWP Transport Listener: dt_socket" daemon [_thread_blocked, id=12360, stack(0x000000f748300000,0x000000f748400000)]
  0x000002840399a290 JavaThread "JDWP Event Helper Thread" daemon [_thread_blocked, id=12376, stack(0x000000f748400000,0x000000f748500000)]
  0x000002840399e7a0 JavaThread "JDWP Command Reader" daemon [_thread_in_native, id=12852, stack(0x000000f748500000,0x000000f748600000)]
  0x00000284041bc020 JavaThread "Notification Thread" daemon [_thread_blocked, id=3316, stack(0x000000f748600000,0x000000f748700000)]
  0x000002840445f220 JavaThread "RMI TCP Accept-0" daemon [_thread_in_native, id=12328, stack(0x000000f748800000,0x000000f748900000)]
  0x00000284044769b0 JavaThread "RMI TCP Accept-49981" daemon [_thread_in_native, id=12460, stack(0x000000f748900000,0x000000f748a00000)]
  0x00000284044d50d0 JavaThread "RMI TCP Connection(1)-127.0.0.1" daemon [_thread_in_native, id=10748, stack(0x000000f748a00000,0x000000f748b00000)]
  0x000002840450aa10 JavaThread "RMI TCP Connection(2)-127.0.0.1" daemon [_thread_blocked, id=12364, stack(0x000000f748b00000,0x000000f748c00000)]
  0x000002840447c520 JavaThread "RMI Scheduler(0)" daemon [_thread_blocked, id=10112, stack(0x000000f748c00000,0x000000f748d00000)]
  0x0000028404502e40 JavaThread "RMI TCP Accept-0" daemon [_thread_in_native, id=1292, stack(0x000000f748d00000,0x000000f748e00000)]
  0x000002840449c580 JavaThread "JMX server connection timeout 23" daemon [_thread_blocked, id=12368, stack(0x000000f748f00000,0x000000f749000000)]
  0x0000028404653530 JavaThread "Thread-0" [_thread_blocked, id=13252, stack(0x000000f749000000,0x000000f749100000)]
  0x0000028404653a00 JavaThread "restartedMain" [_thread_blocked, id=12676, stack(0x000000f749100000,0x000000f749200000)]
  0x00000284052c3bd0 JavaThread "Catalina-utility-1" [_thread_blocked, id=12688, stack(0x000000f749400000,0x000000f749500000)]
  0x00000284052beed0 JavaThread "Catalina-utility-2" [_thread_blocked, id=12672, stack(0x000000f749500000,0x000000f749600000)]
  0x00000284052bc850 JavaThread "container-0" [_thread_blocked, id=12716, stack(0x000000f749600000,0x000000f749700000)]

Other Threads:
=>0x000002847fc517b0 VMThread "VM Thread" [stack: 0x000000f747a00000,0x000000f747b00000] [id=10016]
  0x0000028404503310 WatcherThread [stack: 0x000000f748e00000,0x000000f748f00000] [id=12440]
  0x000002846b7ff390 GCTaskThread "GC Thread#0" [stack: 0x000000f747500000,0x000000f747600000] [id=12424]
  0x00000284043c9040 GCTaskThread "GC Thread#1" [stack: 0x000000f748700000,0x000000f748800000] [id=9504]
  0x00000284043c89e0 GCTaskThread "GC Thread#2" [stack: 0x000000f749200000,0x000000f749300000] [id=12340]
  0x00000284043c86b0 GCTaskThread "GC Thread#3" [stack: 0x000000f749300000,0x000000f749400000] [id=12568]
  0x000002846b808a50 ConcurrentGCThread "G1 Main Marker" [stack: 0x000000f747600000,0x000000f747700000] [id=12304]
  0x000002846b8095d0 ConcurrentGCThread "G1 Conc#0" [stack: 0x000000f747700000,0x000000f747800000] [id=12408]
  0x000002846b85a390 ConcurrentGCThread "G1 Refine#0" [stack: 0x000000f747800000,0x000000f747900000] [id=9260]
  0x000002846b85af20 ConcurrentGCThread "G1 Young RemSet Sampling" [stack: 0x000000f747900000,0x000000f747a00000] [id=12608]

Threads with active compile tasks:

VM state: at safepoint (normal execution)

VM Mutex/Monitor currently owned by a thread:  ([mutex/lock_event])
[0x000002846b7cc910] Threads_lock - owner thread: 0x000002847fc517b0
[0x000002846b7cbe60] Heap_lock - owner thread: 0x0000028404653a00

Heap address: 0x00000000c1600000, size: 1002 MB, Compressed Oops mode: 32-bit
CDS disabled.
Compressed class space mapped at: 0x0000000100000000-0x0000000140000000, size: 1073741824
Narrow klass base: 0x0000000000000000, Narrow klass shift: 3, Narrow klass range: 0x140000000

GC Precious Log:
 CPUs: 4 total, 4 available
 Memory: 4000M
 Large Page Support: Disabled
 NUMA Support: Disabled
 Compressed Oops: Enabled (32-bit)
 Heap Region Size: 1M
 Heap Min Capacity: 8M
 Heap Initial Capacity: 64M
 Heap Max Capacity: 1002M
 Pre-touch: Disabled
 Parallel Workers: 4
 Concurrent Workers: 1
 Concurrent Refinement Workers: 4
 Periodic GC: Disabled

Heap:
 garbage-first heap   total 84992K, used 22815K [0x00000000c1600000, 0x0000000100000000)
  region size 1024K, 3 young (3072K), 3 survivors (3072K)
 Metaspace       used 53603K, capacity 54188K, committed 54272K, reserved 1095680K
  class space    used 6860K, capacity 7089K, committed 7168K, reserved 1048576K

Heap Regions: E=young(eden), S=young(survivor), O=old, HS=humongous(starts), HC=humongous(continues), CS=collection set, F=free, OA=open archive, CA=closed archive, TAMS=top-at-mark-start (previous, next)
|   0|0x00000000c1600000, 0x00000000c1700000, 0x00000000c1700000|100%|HS|  |TAMS 0x00000000c1700000, 0x00000000c1600000| Complete 
|   1|0x00000000c1700000, 0x00000000c1800000, 0x00000000c1800000|100%| O|  |TAMS 0x00000000c1800000, 0x00000000c1700000| Untracked 
|   2|0x00000000c1800000, 0x00000000c1900000, 0x00000000c1900000|100%| O|  |TAMS 0x00000000c1900000, 0x00000000c1800000| Untracked 
|   3|0x00000000c1900000, 0x00000000c1a00000, 0x00000000c1a00000|100%| O|  |TAMS 0x00000000c1a00000, 0x00000000c1900000| Untracked 
|   4|0x00000000c1a00000, 0x00000000c1b00000, 0x00000000c1b00000|100%| O|  |TAMS 0x00000000c1b00000, 0x00000000c1a00000| Untracked 
|   5|0x00000000c1b00000, 0x00000000c1c00000, 0x00000000c1c00000|100%| O|  |TAMS 0x00000000c1c00000, 0x00000000c1b00000| Untracked 
|   6|0x00000000c1c00000, 0x00000000c1c66a00, 0x00000000c1d00000| 40%| O|  |TAMS 0x00000000c1c66a00, 0x00000000c1c00000| Untracked 
|   7|0x00000000c1d00000, 0x00000000c1e00000, 0x00000000c1e00000|100%| O|  |TAMS 0x00000000c1e00000, 0x00000000c1d00000| Untracked 
|   8|0x00000000c1e00000, 0x00000000c1f00000, 0x00000000c1f00000|100%| O|  |TAMS 0x00000000c1f00000, 0x00000000c1e00000| Untracked 
|   9|0x00000000c1f00000, 0x00000000c2000000, 0x00000000c2000000|100%| O|  |TAMS 0x00000000c2000000, 0x00000000c1f00000| Untracked 
|  10|0x00000000c2000000, 0x00000000c2100000, 0x00000000c2100000|100%| O|  |TAMS 0x00000000c20db200, 0x00000000c2000000| Untracked 
|  11|0x00000000c2100000, 0x00000000c21ab400, 0x00000000c2200000| 66%| O|  |TAMS 0x00000000c2100000, 0x00000000c2100000| Untracked 
|  12|0x00000000c2200000, 0x00000000c2300000, 0x00000000c2300000|100%| O|  |TAMS 0x00000000c2200000, 0x00000000c2200000| Untracked 
|  13|0x00000000c2300000, 0x00000000c2400000, 0x00000000c2400000|100%| O|  |TAMS 0x00000000c2300000, 0x00000000c2300000| Untracked 
|  14|0x00000000c2400000, 0x00000000c2500000, 0x00000000c2500000|100%| O|  |TAMS 0x00000000c2400000, 0x00000000c2400000| Untracked 
|  15|0x00000000c2500000, 0x00000000c2600000, 0x00000000c2600000|100%| O|  |TAMS 0x00000000c2500000, 0x00000000c2500000| Untracked 
|  16|0x00000000c2600000, 0x00000000c2700000, 0x00000000c2700000|100%| O|  |TAMS 0x00000000c2600000, 0x00000000c2600000| Untracked 
|  17|0x00000000c2700000, 0x00000000c2800000, 0x00000000c2800000|100%| O|  |TAMS 0x00000000c2700000, 0x00000000c2700000| Untracked 
|  18|0x00000000c2800000, 0x00000000c2900000, 0x00000000c2900000|100%| O|  |TAMS 0x00000000c2800000, 0x00000000c2800000| Untracked 
|  19|0x00000000c2900000, 0x00000000c2a00000, 0x00000000c2a00000|100%| O|  |TAMS 0x00000000c2900000, 0x00000000c2900000| Untracked 
|  20|0x00000000c2a00000, 0x00000000c2ae1000, 0x00000000c2b00000| 87%| O|  |TAMS 0x00000000c2a00000, 0x00000000c2a00000| Untracked 
|  21|0x00000000c2b00000, 0x00000000c2b00000, 0x00000000c2c00000|  0%| F|  |TAMS 0x00000000c2b00000, 0x00000000c2b00000| Untracked 
|  22|0x00000000c2c00000, 0x00000000c2c00000, 0x00000000c2d00000|  0%| F|  |TAMS 0x00000000c2c00000, 0x00000000c2c00000| Untracked 
|  23|0x00000000c2d00000, 0x00000000c2d00000, 0x00000000c2e00000|  0%| F|  |TAMS 0x00000000c2d00000, 0x00000000c2d00000| Untracked 
|  24|0x00000000c2e00000, 0x00000000c2e00000, 0x00000000c2f00000|  0%| F|  |TAMS 0x00000000c2e00000, 0x00000000c2e00000| Untracked 
|  25|0x00000000c2f00000, 0x00000000c2f00000, 0x00000000c3000000|  0%| F|  |TAMS 0x00000000c2f00000, 0x00000000c2f00000| Untracked 
|  26|0x00000000c3000000, 0x00000000c3000000, 0x00000000c3100000|  0%| F|  |TAMS 0x00000000c3000000, 0x00000000c3000000| Untracked 
|  27|0x00000000c3100000, 0x00000000c3100000, 0x00000000c3200000|  0%| F|  |TAMS 0x00000000c3100000, 0x00000000c3100000| Untracked 
|  28|0x00000000c3200000, 0x00000000c3200000, 0x00000000c3300000|  0%| F|  |TAMS 0x00000000c3200000, 0x00000000c3200000| Untracked 
|  29|0x00000000c3300000, 0x00000000c3300000, 0x00000000c3400000|  0%| F|  |TAMS 0x00000000c3300000, 0x00000000c3300000| Untracked 
|  30|0x00000000c3400000, 0x00000000c3400000, 0x00000000c3500000|  0%| F|  |TAMS 0x00000000c3400000, 0x00000000c3400000| Untracked 
|  31|0x00000000c3500000, 0x00000000c3500000, 0x00000000c3600000|  0%| F|  |TAMS 0x00000000c3500000, 0x00000000c3500000| Untracked 
|  32|0x00000000c3600000, 0x00000000c3654f78, 0x00000000c3700000| 33%| S|CS|TAMS 0x00000000c3600000, 0x00000000c3600000| Complete 
|  33|0x00000000c3700000, 0x00000000c3800000, 0x00000000c3800000|100%| S|CS|TAMS 0x00000000c3700000, 0x00000000c3700000| Complete 
|  34|0x00000000c3800000, 0x00000000c3900000, 0x00000000c3900000|100%| S|CS|TAMS 0x00000000c3800000, 0x00000000c3800000| Complete 
|  35|0x00000000c3900000, 0x00000000c3900000, 0x00000000c3a00000|  0%| F|  |TAMS 0x00000000c3900000, 0x00000000c3900000| Untracked 
|  36|0x00000000c3a00000, 0x00000000c3a00000, 0x00000000c3b00000|  0%| F|  |TAMS 0x00000000c3a00000, 0x00000000c3a00000| Untracked 
|  37|0x00000000c3b00000, 0x00000000c3b00000, 0x00000000c3c00000|  0%| F|  |TAMS 0x00000000c3b00000, 0x00000000c3b00000| Untracked 
|  38|0x00000000c3c00000, 0x00000000c3c00000, 0x00000000c3d00000|  0%| F|  |TAMS 0x00000000c3c00000, 0x00000000c3c00000| Untracked 
|  39|0x00000000c3d00000, 0x00000000c3d00000, 0x00000000c3e00000|  0%| F|  |TAMS 0x00000000c3d00000, 0x00000000c3d00000| Untracked 
|  40|0x00000000c3e00000, 0x00000000c3e00000, 0x00000000c3f00000|  0%| F|  |TAMS 0x00000000c3e00000, 0x00000000c3e00000| Untracked 
|  41|0x00000000c3f00000, 0x00000000c3f00000, 0x00000000c4000000|  0%| F|  |TAMS 0x00000000c3f00000, 0x00000000c3f00000| Untracked 
|  42|0x00000000c4000000, 0x00000000c4000000, 0x00000000c4100000|  0%| F|  |TAMS 0x00000000c4000000, 0x00000000c4000000| Untracked 
|  43|0x00000000c4100000, 0x00000000c4100000, 0x00000000c4200000|  0%| F|  |TAMS 0x00000000c4100000, 0x00000000c4100000| Untracked 
|  44|0x00000000c4200000, 0x00000000c4200000, 0x00000000c4300000|  0%| F|  |TAMS 0x00000000c4200000, 0x00000000c4200000| Untracked 
|  45|0x00000000c4300000, 0x00000000c4300000, 0x00000000c4400000|  0%| F|  |TAMS 0x00000000c4300000, 0x00000000c4300000| Untracked 
|  46|0x00000000c4400000, 0x00000000c4400000, 0x00000000c4500000|  0%| F|  |TAMS 0x00000000c4400000, 0x00000000c4400000| Untracked 
|  47|0x00000000c4500000, 0x00000000c4500000, 0x00000000c4600000|  0%| F|  |TAMS 0x00000000c4500000, 0x00000000c4500000| Untracked 
|  48|0x00000000c4600000, 0x00000000c4600000, 0x00000000c4700000|  0%| F|  |TAMS 0x00000000c4600000, 0x00000000c4600000| Untracked 
|  49|0x00000000c4700000, 0x00000000c4700000, 0x00000000c4800000|  0%| F|  |TAMS 0x00000000c4700000, 0x00000000c4700000| Untracked 
|  50|0x00000000c4800000, 0x00000000c4800000, 0x00000000c4900000|  0%| F|  |TAMS 0x00000000c4800000, 0x00000000c4800000| Untracked 
|  51|0x00000000c4900000, 0x00000000c4900000, 0x00000000c4a00000|  0%| F|  |TAMS 0x00000000c4900000, 0x00000000c4900000| Untracked 
|  52|0x00000000c4a00000, 0x00000000c4a00000, 0x00000000c4b00000|  0%| F|  |TAMS 0x00000000c4a00000, 0x00000000c4a00000| Untracked 
|  53|0x00000000c4b00000, 0x00000000c4b00000, 0x00000000c4c00000|  0%| F|  |TAMS 0x00000000c4b00000, 0x00000000c4b00000| Untracked 
|  54|0x00000000c4c00000, 0x00000000c4c00000, 0x00000000c4d00000|  0%| F|  |TAMS 0x00000000c4c00000, 0x00000000c4c00000| Untracked 
|  55|0x00000000c4d00000, 0x00000000c4d00000, 0x00000000c4e00000|  0%| F|  |TAMS 0x00000000c4d00000, 0x00000000c4d00000| Untracked 
|  56|0x00000000c4e00000, 0x00000000c4e00000, 0x00000000c4f00000|  0%| F|  |TAMS 0x00000000c4e00000, 0x00000000c4e00000| Untracked 
|  57|0x00000000c4f00000, 0x00000000c4f00000, 0x00000000c5000000|  0%| F|  |TAMS 0x00000000c4f00000, 0x00000000c4f00000| Untracked 
|  58|0x00000000c5000000, 0x00000000c5000000, 0x00000000c5100000|  0%| F|  |TAMS 0x00000000c5000000, 0x00000000c5000000| Untracked 
|  59|0x00000000c5100000, 0x00000000c5100000, 0x00000000c5200000|  0%| F|  |TAMS 0x00000000c5100000, 0x00000000c5100000| Untracked 
|  60|0x00000000c5200000, 0x00000000c5200000, 0x00000000c5300000|  0%| F|  |TAMS 0x00000000c5200000, 0x00000000c5200000| Untracked 
|  61|0x00000000c5300000, 0x00000000c5300000, 0x00000000c5400000|  0%| F|  |TAMS 0x00000000c5300000, 0x00000000c5300000| Untracked 
|  62|0x00000000c5400000, 0x00000000c5400000, 0x00000000c5500000|  0%| F|  |TAMS 0x00000000c5400000, 0x00000000c5400000| Untracked 
|  63|0x00000000c5500000, 0x00000000c5500000, 0x00000000c5600000|  0%| F|  |TAMS 0x00000000c5500000, 0x00000000c5500000| Untracked 
|  64|0x00000000c5600000, 0x00000000c5600000, 0x00000000c5700000|  0%| F|  |TAMS 0x00000000c5600000, 0x00000000c5600000| Untracked 
|  65|0x00000000c5700000, 0x00000000c5700000, 0x00000000c5800000|  0%| F|  |TAMS 0x00000000c5700000, 0x00000000c5700000| Untracked 
|  66|0x00000000c5800000, 0x00000000c5800000, 0x00000000c5900000|  0%| F|  |TAMS 0x00000000c5800000, 0x00000000c5800000| Untracked 
|  67|0x00000000c5900000, 0x00000000c5900000, 0x00000000c5a00000|  0%| F|  |TAMS 0x00000000c5900000, 0x00000000c5900000| Untracked 
|  68|0x00000000c5a00000, 0x00000000c5a00000, 0x00000000c5b00000|  0%| F|  |TAMS 0x00000000c5a00000, 0x00000000c5a00000| Untracked 

Card table byte_map: [0x000002847e3e0000,0x000002847e5e0000] _byte_map_base: 0x000002847ddd5000

Marking Bits (Prev, Next): (CMBitMap*) 0x000002846b7ffb10, (CMBitMap*) 0x000002846b7ffb50
 Prev Bits: [0x000002847e7e0000, 0x000002847f788000)
 Next Bits: [0x0000028400000000, 0x0000028400fa8000)

Polling page: 0x0000028469760000

Metaspace:

Usage:
  Non-class:     46.00 MB capacity,    45.65 MB (>99%) used,   282.75 KB ( <1%) free+waste,    73.25 KB ( <1%) overhead. 
      Class:      6.92 MB capacity,     6.70 MB ( 97%) used,   199.56 KB (  3%) free+waste,    28.69 KB ( <1%) overhead. 
       Both:     52.92 MB capacity,    52.35 MB ( 99%) used,   482.31 KB ( <1%) free+waste,   101.94 KB ( <1%) overhead. 

Virtual space:
  Non-class space:       46.00 MB reserved,      46.00 MB (100%) committed 
      Class space:        1.00 GB reserved,       7.00 MB ( <1%) committed 
             Both:        1.04 GB reserved,      53.00 MB (  5%) committed 

Chunk freelists:
   Non-Class:  5.00 KB
       Class:  15.00 KB
        Both:  20.00 KB

MaxMetaspaceSize: 17179869184.00 GB
CompressedClassSpaceSize: 1.00 GB

CodeHeap 'non-profiled nmethods': size=238912Kb used=7784Kb max_used=7784Kb free=231128Kb
 bounds [0x000002846f890000, 0x0000028470030000, 0x000002847e1e0000]
CodeHeap 'non-nmethods': size=6848Kb used=1342Kb max_used=1342Kb free=5505Kb
 bounds [0x000002846f1e0000, 0x000002846f450000, 0x000002846f890000]
 total_blobs=5081 nmethods=4543 adapters=465
 compilation: enabled
              stopped_count=0, restarted_count=0
 full_count=0

Compilation events (20 events):
Event: 22.269 Thread 0x000002847fcb3840 4536       1       net.bytebuddy.description.type.TypeDescription$Generic$LazyProjection$WithEagerNavigation::<init> (5 bytes)
Event: 22.270 Thread 0x000002847fcb3840 nmethod 4536 0x0000028470026610 code [0x00000284700267a0, 0x0000028470026858]
Event: 22.270 Thread 0x000002847fcb3840 4537       1       java.util.AbstractList::hashCode (46 bytes)
Event: 22.271 Thread 0x000002847fcb3840 nmethod 4537 0x0000028470026910 code [0x0000028470026ae0, 0x0000028470026cb8]
Event: 22.271 Thread 0x000002847fcb3840 4538       1       net.bytebuddy.description.type.TypeDescription$Generic$LazyProjection$WithEagerNavigation$OfAnnotatedElement::<init> (5 bytes)
Event: 22.271 Thread 0x000002847fcb3840 nmethod 4538 0x0000028470026e10 code [0x0000028470026fa0, 0x0000028470027058]
Event: 22.346 Thread 0x000002847fcb3840 4539       1       org.eclipse.jdt.launching.internal.org.objectweb.asm.SymbolTable::addConstantLongOrDouble (109 bytes)
Event: 22.348 Thread 0x000002847fcb3840 nmethod 4539 0x0000028470027110 code [0x00000284700272e0, 0x00000284700275d8]
Event: 22.492 Thread 0x000002847fcb3840 4540       1       net.bytebuddy.description.type.TypeDescription$Generic$OfNonGenericType::<init> (5 bytes)
Event: 22.492 Thread 0x000002847fcb3840 nmethod 4540 0x0000028470027810 code [0x00000284700279a0, 0x0000028470027a58]
Event: 22.502 Thread 0x000002847fcb3840 4541       1       net.bytebuddy.description.type.TypeDescription$Generic$OfNonGenericType$ForLoadedType::<init> (15 bytes)
Event: 22.502 Thread 0x000002847fcb3840 nmethod 4541 0x0000028470027b10 code [0x0000028470027ca0, 0x0000028470027df8]
Event: 22.551 Thread 0x000002847fcb3840 4542       1       net.bytebuddy.description.type.TypeDescription$ForLoadedType::getName (8 bytes)
Event: 22.552 Thread 0x000002847fcb3840 nmethod 4542 0x0000028470027e90 code [0x0000028470028040, 0x00000284700281a8]
Event: 22.552 Thread 0x000002847fcb3840 4543       1       net.bytebuddy.description.type.TypeDescription$ForLoadedType::getName (28 bytes)
Event: 22.554 Thread 0x000002847fcb3840 nmethod 4543 0x0000028470028310 code [0x00000284700284c0, 0x0000028470028678]
Event: 22.574 Thread 0x000002847fcb3840 4544       1       net.bytebuddy.description.type.TypeDefinition$Sort::describe (127 bytes)
Event: 22.578 Thread 0x000002847fcb3840 nmethod 4544 0x0000028470028810 code [0x0000028470028aa0, 0x00000284700295d8]
Event: 22.612 Thread 0x000002847fcb3840 4545       1       net.bytebuddy.description.type.TypeDescription$AbstractBase::equals (60 bytes)
Event: 22.613 Thread 0x000002847fcb3840 nmethod 4545 0x0000028470029a10 code [0x0000028470029c00, 0x0000028470029ec8]

GC Heap History (20 events):
Event: 11.239 GC heap after
{Heap after GC invocations=14 (full 0):
 garbage-first heap   total 55296K, used 13484K [0x00000000c1600000, 0x0000000100000000)
  region size 1024K, 3 young (3072K), 3 survivors (3072K)
 Metaspace       used 33534K, capacity 33994K, committed 34048K, reserved 1079296K
  class space    used 3940K, capacity 4065K, committed 4096K, reserved 1048576K
}
Event: 12.489 GC heap before
{Heap before GC invocations=14 (full 0):
 garbage-first heap   total 55296K, used 39084K [0x00000000c1600000, 0x0000000100000000)
  region size 1024K, 30 young (30720K), 3 survivors (3072K)
 Metaspace       used 35015K, capacity 35496K, committed 35584K, reserved 1081344K
  class space    used 4171K, capacity 4327K, committed 4352K, reserved 1048576K
}
Event: 12.504 GC heap after
{Heap after GC invocations=15 (full 0):
 garbage-first heap   total 66560K, used 14407K [0x00000000c1600000, 0x0000000100000000)
  region size 1024K, 3 young (3072K), 3 survivors (3072K)
 Metaspace       used 35015K, capacity 35496K, committed 35584K, reserved 1081344K
  class space    used 4171K, capacity 4327K, committed 4352K, reserved 1048576K
}
Event: 14.215 GC heap before
{Heap before GC invocations=16 (full 0):
 garbage-first heap   total 58368K, used 46151K [0x00000000c1600000, 0x0000000100000000)
  region size 1024K, 34 young (34816K), 3 survivors (3072K)
 Metaspace       used 37230K, capacity 37732K, committed 38016K, reserved 1083392K
  class space    used 4516K, capacity 4699K, committed 4736K, reserved 1048576K
}
Event: 14.238 GC heap after
{Heap after GC invocations=17 (full 0):
 garbage-first heap   total 58368K, used 16244K [0x00000000c1600000, 0x0000000100000000)
  region size 1024K, 4 young (4096K), 4 survivors (4096K)
 Metaspace       used 37230K, capacity 37732K, committed 38016K, reserved 1083392K
  class space    used 4516K, capacity 4699K, committed 4736K, reserved 1048576K
}
Event: 15.950 GC heap before
{Heap before GC invocations=17 (full 0):
 garbage-first heap   total 58368K, used 46964K [0x00000000c1600000, 0x0000000100000000)
  region size 1024K, 34 young (34816K), 4 survivors (4096K)
 Metaspace       used 39244K, capacity 39737K, committed 39808K, reserved 1083392K
  class space    used 4772K, capacity 4962K, committed 4992K, reserved 1048576K
}
Event: 15.969 GC heap after
{Heap after GC invocations=18 (full 0):
 garbage-first heap   total 58368K, used 18113K [0x00000000c1600000, 0x0000000100000000)
  region size 1024K, 4 young (4096K), 4 survivors (4096K)
 Metaspace       used 39244K, capacity 39737K, committed 39808K, reserved 1083392K
  class space    used 4772K, capacity 4962K, committed 4992K, reserved 1048576K
}
Event: 16.289 GC heap before
{Heap before GC invocations=18 (full 0):
 garbage-first heap   total 58368K, used 45761K [0x00000000c1600000, 0x0000000100000000)
  region size 1024K, 32 young (32768K), 4 survivors (4096K)
 Metaspace       used 40101K, capacity 40697K, committed 40960K, reserved 1085440K
  class space    used 4854K, capacity 5090K, committed 5120K, reserved 1048576K
}
Event: 16.304 GC heap after
{Heap after GC invocations=19 (full 0):
 garbage-first heap   total 58368K, used 18923K [0x00000000c1600000, 0x0000000100000000)
  region size 1024K, 3 young (3072K), 3 survivors (3072K)
 Metaspace       used 40101K, capacity 40697K, committed 40960K, reserved 1085440K
  class space    used 4854K, capacity 5090K, committed 5120K, reserved 1048576K
}
Event: 16.586 GC heap before
{Heap before GC invocations=19 (full 0):
 garbage-first heap   total 58368K, used 45547K [0x00000000c1600000, 0x0000000100000000)
  region size 1024K, 30 young (30720K), 3 survivors (3072K)
 Metaspace       used 40516K, capacity 41049K, committed 41344K, reserved 1085440K
  class space    used 4892K, capacity 5122K, committed 5248K, reserved 1048576K
}
Event: 16.598 GC heap after
{Heap after GC invocations=20 (full 0):
 garbage-first heap   total 70656K, used 19030K [0x00000000c1600000, 0x0000000100000000)
  region size 1024K, 1 young (1024K), 1 survivors (1024K)
 Metaspace       used 40516K, capacity 41049K, committed 41344K, reserved 1085440K
  class space    used 4892K, capacity 5122K, committed 5248K, reserved 1048576K
}
Event: 16.699 GC heap before
{Heap before GC invocations=20 (full 0):
 garbage-first heap   total 70656K, used 56918K [0x00000000c1600000, 0x0000000100000000)
  region size 1024K, 39 young (39936K), 1 survivors (1024K)
 Metaspace       used 40516K, capacity 41049K, committed 41344K, reserved 1085440K
  class space    used 4892K, capacity 5122K, committed 5248K, reserved 1048576K
}
Event: 16.704 GC heap after
{Heap after GC invocations=21 (full 0):
 garbage-first heap   total 70656K, used 18885K [0x00000000c1600000, 0x0000000100000000)
  region size 1024K, 1 young (1024K), 1 survivors (1024K)
 Metaspace       used 40516K, capacity 41049K, committed 41344K, reserved 1085440K
  class space    used 4892K, capacity 5122K, committed 5248K, reserved 1048576K
}
Event: 18.415 GC heap before
{Heap before GC invocations=21 (full 0):
 garbage-first heap   total 70656K, used 58821K [0x00000000c1600000, 0x0000000100000000)
  region size 1024K, 40 young (40960K), 1 survivors (1024K)
 Metaspace       used 43011K, capacity 43528K, committed 43648K, reserved 1087488K
  class space    used 5204K, capacity 5415K, committed 5504K, reserved 1048576K
}
Event: 18.430 GC heap after
{Heap after GC invocations=22 (full 0):
 garbage-first heap   total 70656K, used 20491K [0x00000000c1600000, 0x0000000100000000)
  region size 1024K, 3 young (3072K), 3 survivors (3072K)
 Metaspace       used 43011K, capacity 43528K, committed 43648K, reserved 1087488K
  class space    used 5204K, capacity 5415K, committed 5504K, reserved 1048576K
}
Event: 19.721 GC heap before
{Heap before GC invocations=22 (full 0):
 garbage-first heap   total 70656K, used 57355K [0x00000000c1600000, 0x0000000100000000)
  region size 1024K, 39 young (39936K), 3 survivors (3072K)
 Metaspace       used 46642K, capacity 47185K, committed 47360K, reserved 1091584K
  class space    used 5851K, capacity 6057K, committed 6144K, reserved 1048576K
}
Event: 19.733 GC heap after
{Heap after GC invocations=23 (full 0):
 garbage-first heap   total 70656K, used 21189K [0x00000000c1600000, 0x0000000100000000)
  region size 1024K, 3 young (3072K), 3 survivors (3072K)
 Metaspace       used 46642K, capacity 47185K, committed 47360K, reserved 1091584K
  class space    used 5851K, capacity 6057K, committed 6144K, reserved 1048576K
}
Event: 20.994 GC heap before
{Heap before GC invocations=23 (full 0):
 garbage-first heap   total 70656K, used 59077K [0x00000000c1600000, 0x0000000100000000)
  region size 1024K, 40 young (40960K), 3 survivors (3072K)
 Metaspace       used 50288K, capacity 50900K, committed 51200K, reserved 1093632K
  class space    used 6338K, capacity 6570K, committed 6656K, reserved 1048576K
}
Event: 21.013 GC heap after
{Heap after GC invocations=24 (full 0):
 garbage-first heap   total 70656K, used 21993K [0x00000000c1600000, 0x0000000100000000)
  region size 1024K, 4 young (4096K), 4 survivors (4096K)
 Metaspace       used 50288K, capacity 50900K, committed 51200K, reserved 1093632K
  class space    used 6338K, capacity 6570K, committed 6656K, reserved 1048576K
}
Event: 22.627 GC heap before
{Heap before GC invocations=24 (full 0):
 garbage-first heap   total 70656K, used 56809K [0x00000000c1600000, 0x0000000100000000)
  region size 1024K, 38 young (38912K), 4 survivors (4096K)
 Metaspace       used 53603K, capacity 54188K, committed 54272K, reserved 1095680K
  class space    used 6860K, capacity 7089K, committed 7168K, reserved 1048576K
}

Deoptimization events (20 events):
Event: 21.654 Thread 0x0000028404653a00 DEOPT PACKING pc=0x000002846fa7b6d4 sp=0x000000f7491fa700
Event: 21.654 Thread 0x0000028404653a00 DEOPT UNPACKING pc=0x000002846f22e23f sp=0x000000f7491f9b98 mode 1
Event: 21.654 Thread 0x0000028404653a00 DEOPT PACKING pc=0x000002846fa6ca7c sp=0x000000f7491fa7d0
Event: 21.654 Thread 0x0000028404653a00 DEOPT UNPACKING pc=0x000002846f22e23f sp=0x000000f7491f9c88 mode 1
Event: 21.654 Thread 0x0000028404653a00 DEOPT PACKING pc=0x000002846fad5054 sp=0x000000f7491fb1e0
Event: 21.654 Thread 0x0000028404653a00 DEOPT UNPACKING pc=0x000002846f22e23f sp=0x000000f7491fa6d0 mode 1
Event: 21.654 Thread 0x0000028404653a00 DEOPT PACKING pc=0x000002846fa7b6d4 sp=0x000000f7491fa700
Event: 21.654 Thread 0x0000028404653a00 DEOPT UNPACKING pc=0x000002846f22e23f sp=0x000000f7491f9b98 mode 1
Event: 21.655 Thread 0x0000028404653a00 DEOPT PACKING pc=0x000002846fa6ca7c sp=0x000000f7491fa7d0
Event: 21.655 Thread 0x0000028404653a00 DEOPT UNPACKING pc=0x000002846f22e23f sp=0x000000f7491f9c88 mode 1
Event: 21.655 Thread 0x0000028404653a00 DEOPT PACKING pc=0x000002846fad5054 sp=0x000000f7491fb1e0
Event: 21.655 Thread 0x0000028404653a00 DEOPT UNPACKING pc=0x000002846f22e23f sp=0x000000f7491fa6d0 mode 1
Event: 21.908 Thread 0x000002840450aa10 DEOPT PACKING pc=0x000002846fc62efc sp=0x000000f748bfec30
Event: 21.908 Thread 0x000002840450aa10 DEOPT UNPACKING pc=0x000002846f22e23f sp=0x000000f748bfe0d0 mode 1
Event: 21.908 Thread 0x000002840450aa10 DEOPT PACKING pc=0x000002846fc64e7c sp=0x000000f748bfec80
Event: 21.909 Thread 0x000002840450aa10 DEOPT UNPACKING pc=0x000002846f22e23f sp=0x000000f748bfe170 mode 1
Event: 22.414 Thread 0x000002840450aa10 DEOPT PACKING pc=0x000002846fc62efc sp=0x000000f748bfec30
Event: 22.414 Thread 0x000002840450aa10 DEOPT UNPACKING pc=0x000002846f22e23f sp=0x000000f748bfe0d0 mode 1
Event: 22.414 Thread 0x000002840450aa10 DEOPT PACKING pc=0x000002846fc64e7c sp=0x000000f748bfec80
Event: 22.415 Thread 0x000002840450aa10 DEOPT UNPACKING pc=0x000002846f22e23f sp=0x000000f748bfe170 mode 1

Classes unloaded (0 events):
No events

Classes redefined (0 events):
No events

Internal exceptions (20 events):
Event: 17.988 Thread 0x0000028404653a00 Exception <a 'java/lang/ClassNotFoundException'{0x00000000c42f5058}: java/lang/ObjectCustomizer> (0x00000000c42f5058) 
thrown [./open/src/hotspot/share/classfile/systemDictionary.cpp, line 295]
Event: 17.991 Thread 0x0000028404653a00 Exception <a 'java/lang/ClassNotFoundException'{0x00000000c42fd2d8}: org/springframework/boot/autoconfigure/domain/EntityScanPackagesCustomizer> (0x00000000c42fd2d8) 
thrown [./open/src/hotspot/share/classfile/systemDictionary.cpp, line 295]
Event: 18.015 Thread 0x0000028404653a00 Exception <a 'java/lang/ClassNotFoundException'{0x00000000c41bd180}: java/lang/ObjectCustomizer> (0x00000000c41bd180) 
thrown [./open/src/hotspot/share/classfile/systemDictionary.cpp, line 295]
Event: 18.025 Thread 0x0000028404653a00 Exception <a 'java/lang/ClassNotFoundException'{0x00000000c41c5238}: org/springframework/orm/jpa/AbstractEntityManagerFactoryBeanCustomizer> (0x00000000c41c5238) 
thrown [./open/src/hotspot/share/classfile/systemDictionary.cpp, line 295]
Event: 18.031 Thread 0x0000028404653a00 Exception <a 'java/lang/ClassNotFoundException'{0x00000000c41eb888}: org/springframework/orm/jpa/LocalContainerEntityManagerFactoryBeanCustomizer> (0x00000000c41eb888) 
thrown [./open/src/hotspot/share/classfile/systemDictionary.cpp, line 295]
Event: 18.037 Thread 0x0000028404653a00 Exception <a 'java/lang/ClassNotFoundException'{0x00000000c40310b8}: org/springframework/context/ResourceLoaderAwareCustomizer> (0x00000000c40310b8) 
thrown [./open/src/hotspot/share/classfile/systemDictionary.cpp, line 295]
Event: 18.040 Thread 0x0000028404653a00 Exception <a 'java/lang/ClassNotFoundException'{0x00000000c4036638}: org/springframework/beans/factory/AwareCustomizer> (0x00000000c4036638) 
thrown [./open/src/hotspot/share/classfile/systemDictionary.cpp, line 295]
Event: 18.043 Thread 0x0000028404653a00 Exception <a 'java/lang/ClassNotFoundException'{0x00000000c403b170}: org/springframework/context/weaving/LoadTimeWeaverAwareCustomizer> (0x00000000c403b170) 
thrown [./open/src/hotspot/share/classfile/systemDictionary.cpp, line 295]
Event: 18.045 Thread 0x0000028404653a00 Exception <a 'java/lang/ClassNotFoundException'{0x00000000c4040bd8}: org/springframework/beans/factory/AwareCustomizer> (0x00000000c4040bd8) 
thrown [./open/src/hotspot/share/classfile/systemDictionary.cpp, line 295]
Event: 18.047 Thread 0x0000028404653a00 Exception <a 'java/lang/ClassNotFoundException'{0x00000000c4045588}: org/springframework/beans/factory/FactoryBeanCustomizer> (0x00000000c4045588) 
thrown [./open/src/hotspot/share/classfile/systemDictionary.cpp, line 295]
Event: 18.050 Thread 0x0000028404653a00 Exception <a 'java/lang/ClassNotFoundException'{0x00000000c404d9c0}: org/springframework/beans/factory/BeanClassLoaderAwareCustomizer> (0x00000000c404d9c0) 
thrown [./open/src/hotspot/share/classfile/systemDictionary.cpp, line 295]
Event: 18.052 Thread 0x0000028404653a00 Exception <a 'java/lang/ClassNotFoundException'{0x00000000c4052f98}: org/springframework/beans/factory/AwareCustomizer> (0x00000000c4052f98) 
thrown [./open/src/hotspot/share/classfile/systemDictionary.cpp, line 295]
Event: 18.053 Thread 0x0000028404653a00 Exception <a 'java/lang/ClassNotFoundException'{0x00000000c4057908}: org/springframework/beans/factory/BeanFactoryAwareCustomizer> (0x00000000c4057908) 
thrown [./open/src/hotspot/share/classfile/systemDictionary.cpp, line 295]
Event: 18.055 Thread 0x0000028404653a00 Exception <a 'java/lang/ClassNotFoundException'{0x00000000c405d630}: org/springframework/beans/factory/AwareCustomizer> (0x00000000c405d630) 
thrown [./open/src/hotspot/share/classfile/systemDictionary.cpp, line 295]
Event: 18.056 Thread 0x0000028404653a00 Exception <a 'java/lang/ClassNotFoundException'{0x00000000c4061f60}: org/springframework/beans/factory/BeanNameAwareCustomizer> (0x00000000c4061f60) 
thrown [./open/src/hotspot/share/classfile/systemDictionary.cpp, line 295]
Event: 18.058 Thread 0x0000028404653a00 Exception <a 'java/lang/ClassNotFoundException'{0x00000000c40674c0}: org/springframework/beans/factory/AwareCustomizer> (0x00000000c40674c0) 
thrown [./open/src/hotspot/share/classfile/systemDictionary.cpp, line 295]
Event: 18.059 Thread 0x0000028404653a00 Exception <a 'java/lang/ClassNotFoundException'{0x00000000c406be30}: org/springframework/beans/factory/InitializingBeanCustomizer> (0x00000000c406be30) 
thrown [./open/src/hotspot/share/classfile/systemDictionary.cpp, line 295]
Event: 18.061 Thread 0x0000028404653a00 Exception <a 'java/lang/ClassNotFoundException'{0x00000000c4071048}: org/springframework/beans/factory/DisposableBeanCustomizer> (0x00000000c4071048) 
thrown [./open/src/hotspot/share/classfile/systemDictionary.cpp, line 295]
Event: 18.062 Thread 0x0000028404653a00 Exception <a 'java/lang/ClassNotFoundException'{0x00000000c40765c0}: org/springframework/orm/jpa/EntityManagerFactoryInfoCustomizer> (0x00000000c40765c0) 
thrown [./open/src/hotspot/share/classfile/systemDictionary.cpp, line 295]
Event: 18.064 Thread 0x0000028404653a00 Exception <a 'java/lang/ClassNotFoundException'{0x00000000c4085cb0}: org/springframework/dao/support/PersistenceExceptionTranslatorCustomizer> (0x00000000c4085cb0) 
thrown [./open/src/hotspot/share/classfile/systemDictionary.cpp, line 295]

Events (20 events):
Event: 20.458 loading class sun/security/provider/MD5 done
Event: 20.652 loading class java/io/InvalidObjectException
Event: 20.652 loading class java/io/InvalidObjectException done
Event: 20.663 loading class javax/naming/RefAddr
Event: 20.664 loading class javax/naming/RefAddr done
Event: 20.664 loading class javax/naming/StringRefAddr
Event: 20.664 loading class javax/naming/StringRefAddr done
Event: 20.734 Executing VM operation: HandshakeAllThreads
Event: 20.735 Executing VM operation: HandshakeAllThreads done
Event: 20.993 Executing VM operation: G1CollectForAllocation
Event: 21.014 Executing VM operation: G1CollectForAllocation done
Event: 21.240 loading class java/lang/reflect/MalformedParameterizedTypeException
Event: 21.240 loading class java/lang/reflect/MalformedParameterizedTypeException done
Event: 22.027 Executing VM operation: HandshakeAllThreads
Event: 22.028 Executing VM operation: HandshakeAllThreads done
Event: 22.472 loading class java/util/AbstractList$SubList
Event: 22.472 loading class java/util/AbstractList$SubList done
Event: 22.586 loading class java/lang/reflect/AnnotatedArrayType
Event: 22.586 loading class java/lang/reflect/AnnotatedArrayType done
Event: 22.627 Executing VM operation: G1CollectForAllocation


Dynamic libraries:
0x00007ff662930000 - 0x00007ff66293d000 	C:\Users\Carlos\Downloads\sts-4.9.0.RELEASE\plugins\org.eclipse.justj.openjdk.hotspot.jre.full.win32.x86_64_15.0.1.v20201027-0507\jre\bin\javaw.exe
0x00007ffd1fe70000 - 0x00007ffd20066000 	C:\WINDOWS\SYSTEM32\ntdll.dll
0x00007ffd1ead0000 - 0x00007ffd1eb8d000 	C:\WINDOWS\System32\KERNEL32.DLL
0x00007ffd1dbe0000 - 0x00007ffd1dea8000 	C:\WINDOWS\System32\KERNELBASE.dll
0x00007ffd1d860000 - 0x00007ffd1d960000 	C:\WINDOWS\System32\ucrtbase.dll
0x00007ffd194c0000 - 0x00007ffd194d8000 	C:\Users\Carlos\Downloads\sts-4.9.0.RELEASE\plugins\org.eclipse.justj.openjdk.hotspot.jre.full.win32.x86_64_15.0.1.v20201027-0507\jre\bin\jli.dll
0x00007ffd1f4e0000 - 0x00007ffd1f680000 	C:\WINDOWS\System32\USER32.dll
0x00007ffd17b00000 - 0x00007ffd17b19000 	C:\Users\Carlos\Downloads\sts-4.9.0.RELEASE\plugins\org.eclipse.justj.openjdk.hotspot.jre.full.win32.x86_64_15.0.1.v20201027-0507\jre\bin\VCRUNTIME140.dll
0x00007ffd1d7e0000 - 0x00007ffd1d802000 	C:\WINDOWS\System32\win32u.dll
0x00007ffd1f960000 - 0x00007ffd1f98a000 	C:\WINDOWS\System32\GDI32.dll
0x00007ffd11df0000 - 0x00007ffd1208b000 	C:\WINDOWS\WinSxS\amd64_microsoft.windows.common-controls_6595b64144ccf1df_6.0.19041.488_none_ca04af081b815d21\COMCTL32.dll
0x00007ffd1d6d0000 - 0x00007ffd1d7d9000 	C:\WINDOWS\System32\gdi32full.dll
0x00007ffd1e060000 - 0x00007ffd1e0fe000 	C:\WINDOWS\System32\msvcrt.dll
0x00007ffd1db40000 - 0x00007ffd1dbdd000 	C:\WINDOWS\System32\msvcp_win.dll
0x00007ffd1e1d0000 - 0x00007ffd1e200000 	C:\WINDOWS\System32\IMM32.DLL
0x00007ffd17a90000 - 0x00007ffd17a9c000 	C:\Users\Carlos\Downloads\sts-4.9.0.RELEASE\plugins\org.eclipse.justj.openjdk.hotspot.jre.full.win32.x86_64_15.0.1.v20201027-0507\jre\bin\vcruntime140_1.dll
0x00007ffcd1110000 - 0x00007ffcd11a1000 	C:\Users\Carlos\Downloads\sts-4.9.0.RELEASE\plugins\org.eclipse.justj.openjdk.hotspot.jre.full.win32.x86_64_15.0.1.v20201027-0507\jre\bin\msvcp140.dll
0x00007ffcc78d0000 - 0x00007ffcc842e000 	C:\Users\Carlos\Downloads\sts-4.9.0.RELEASE\plugins\org.eclipse.justj.openjdk.hotspot.jre.full.win32.x86_64_15.0.1.v20201027-0507\jre\bin\server\jvm.dll
0x00007ffd1e4a0000 - 0x00007ffd1e54c000 	C:\WINDOWS\System32\ADVAPI32.dll
0x00007ffd1ea30000 - 0x00007ffd1eacb000 	C:\WINDOWS\System32\sechost.dll
0x00007ffd1f2e0000 - 0x00007ffd1f404000 	C:\WINDOWS\System32\RPCRT4.dll
0x00007ffd1df60000 - 0x00007ffd1df68000 	C:\WINDOWS\System32\PSAPI.DLL
0x00007ffd12560000 - 0x00007ffd12569000 	C:\WINDOWS\SYSTEM32\WSOCK32.dll
0x00007ffd1f470000 - 0x00007ffd1f4db000 	C:\WINDOWS\System32\WS2_32.dll
0x00007ffd111a0000 - 0x00007ffd111c7000 	C:\WINDOWS\SYSTEM32\WINMM.dll
0x00007ffd15ac0000 - 0x00007ffd15aca000 	C:\WINDOWS\SYSTEM32\VERSION.dll
0x00007ffd1b590000 - 0x00007ffd1b5a2000 	C:\WINDOWS\SYSTEM32\kernel.appcore.dll
0x00007ffcf91f0000 - 0x00007ffcf91fa000 	C:\Users\Carlos\Downloads\sts-4.9.0.RELEASE\plugins\org.eclipse.justj.openjdk.hotspot.jre.full.win32.x86_64_15.0.1.v20201027-0507\jre\bin\jimage.dll
0x00007ffd158d0000 - 0x00007ffd15ab4000 	C:\WINDOWS\SYSTEM32\DBGHELP.DLL
0x00007ffd158a0000 - 0x00007ffd158cc000 	C:\WINDOWS\SYSTEM32\dbgcore.DLL
0x00007ffd1d960000 - 0x00007ffd1d9df000 	C:\WINDOWS\System32\bcryptPrimitives.dll
0x00007ffcf72b0000 - 0x00007ffcf72e9000 	C:\Users\Carlos\Downloads\sts-4.9.0.RELEASE\plugins\org.eclipse.justj.openjdk.hotspot.jre.full.win32.x86_64_15.0.1.v20201027-0507\jre\bin\jdwp.dll
0x00007ffcf81b0000 - 0x00007ffcf81be000 	C:\Users\Carlos\Downloads\sts-4.9.0.RELEASE\plugins\org.eclipse.justj.openjdk.hotspot.jre.full.win32.x86_64_15.0.1.v20201027-0507\jre\bin\instrument.dll
0x00007ffcf0330000 - 0x00007ffcf0355000 	C:\Users\Carlos\Downloads\sts-4.9.0.RELEASE\plugins\org.eclipse.justj.openjdk.hotspot.jre.full.win32.x86_64_15.0.1.v20201027-0507\jre\bin\java.dll
0x00007ffcf0310000 - 0x00007ffcf0328000 	C:\Users\Carlos\Downloads\sts-4.9.0.RELEASE\plugins\org.eclipse.justj.openjdk.hotspot.jre.full.win32.x86_64_15.0.1.v20201027-0507\jre\bin\zip.dll
0x00007ffd1eb90000 - 0x00007ffd1f2d1000 	C:\WINDOWS\System32\SHELL32.dll
0x00007ffd1b790000 - 0x00007ffd1bf25000 	C:\WINDOWS\SYSTEM32\windows.storage.dll
0x00007ffd1f990000 - 0x00007ffd1fce5000 	C:\WINDOWS\System32\combase.dll
0x00007ffd1d0b0000 - 0x00007ffd1d0dc000 	C:\WINDOWS\SYSTEM32\Wldp.dll
0x00007ffd1e3d0000 - 0x00007ffd1e47e000 	C:\WINDOWS\System32\SHCORE.dll
0x00007ffd1e9c0000 - 0x00007ffd1ea15000 	C:\WINDOWS\System32\shlwapi.dll
0x00007ffd1d570000 - 0x00007ffd1d596000 	C:\WINDOWS\SYSTEM32\profapi.dll
0x00007ffcf5a70000 - 0x00007ffcf5a7b000 	C:\Users\Carlos\Downloads\sts-4.9.0.RELEASE\plugins\org.eclipse.justj.openjdk.hotspot.jre.full.win32.x86_64_15.0.1.v20201027-0507\jre\bin\dt_socket.dll
0x00007ffd1cad0000 - 0x00007ffd1cb0b000 	C:\WINDOWS\SYSTEM32\IPHLPAPI.DLL
0x00007ffd1ce30000 - 0x00007ffd1ce9a000 	C:\WINDOWS\system32\mswsock.dll
0x00007ffd1cb10000 - 0x00007ffd1cbdb000 	C:\WINDOWS\SYSTEM32\DNSAPI.dll
0x00007ffd1ea20000 - 0x00007ffd1ea28000 	C:\WINDOWS\System32\NSI.dll
0x00007ffd132a0000 - 0x00007ffd132aa000 	C:\Windows\System32\rasadhlp.dll
0x00007ffd133b0000 - 0x00007ffd1342f000 	C:\WINDOWS\System32\fwpuclnt.dll
0x00007ffd1d640000 - 0x00007ffd1d667000 	C:\WINDOWS\System32\bcrypt.dll
0x00007ffcf02f0000 - 0x00007ffcf0309000 	C:\Users\Carlos\Downloads\sts-4.9.0.RELEASE\plugins\org.eclipse.justj.openjdk.hotspot.jre.full.win32.x86_64_15.0.1.v20201027-0507\jre\bin\net.dll
0x00007ffd14400000 - 0x00007ffd14500000 	C:\WINDOWS\SYSTEM32\WINHTTP.dll
0x00007ffcf02d0000 - 0x00007ffcf02e2000 	C:\Users\Carlos\Downloads\sts-4.9.0.RELEASE\plugins\org.eclipse.justj.openjdk.hotspot.jre.full.win32.x86_64_15.0.1.v20201027-0507\jre\bin\nio.dll
0x00007ffcf0250000 - 0x00007ffcf0259000 	C:\Users\Carlos\Downloads\sts-4.9.0.RELEASE\plugins\org.eclipse.justj.openjdk.hotspot.jre.full.win32.x86_64_15.0.1.v20201027-0507\jre\bin\management.dll
0x00007ffced470000 - 0x00007ffced47b000 	C:\Users\Carlos\Downloads\sts-4.9.0.RELEASE\plugins\org.eclipse.justj.openjdk.hotspot.jre.full.win32.x86_64_15.0.1.v20201027-0507\jre\bin\management_ext.dll
0x00007ffcd1af0000 - 0x00007ffcd1b07000 	C:\WINDOWS\system32\napinsp.dll
0x00007ffcd1ad0000 - 0x00007ffcd1aeb000 	C:\WINDOWS\system32\pnrpnsp.dll
0x00007ffd17850000 - 0x00007ffd17865000 	C:\WINDOWS\system32\wshbth.dll
0x00007ffd194a0000 - 0x00007ffd194bd000 	C:\WINDOWS\system32\NLAapi.dll
0x00007ffcd1ab0000 - 0x00007ffcd1ac2000 	C:\WINDOWS\System32\winrnr.dll
0x00007ffd1d000000 - 0x00007ffd1d018000 	C:\WINDOWS\SYSTEM32\CRYPTSP.dll
0x00007ffd1c750000 - 0x00007ffd1c784000 	C:\WINDOWS\system32\rsaenh.dll
0x00007ffd1d530000 - 0x00007ffd1d55e000 	C:\WINDOWS\SYSTEM32\USERENV.dll
0x00007ffd1d020000 - 0x00007ffd1d02c000 	C:\WINDOWS\SYSTEM32\CRYPTBASE.dll
0x00007ffd153c0000 - 0x00007ffd153d7000 	C:\WINDOWS\SYSTEM32\dhcpcsvc6.DLL
0x00007ffd15520000 - 0x00007ffd1553d000 	C:\WINDOWS\SYSTEM32\dhcpcsvc.DLL
0x00007ffcec640000 - 0x00007ffcec650000 	C:\Users\Carlos\Downloads\sts-4.9.0.RELEASE\plugins\org.eclipse.justj.openjdk.hotspot.jre.full.win32.x86_64_15.0.1.v20201027-0507\jre\bin\verify.dll

dbghelp: loaded successfully - version: 4.0.5 - missing functions: none
symbol engine: initialized successfully - sym options: 0x614 - pdb path: .;C:\Users\Carlos\Downloads\sts-4.9.0.RELEASE\plugins\org.eclipse.justj.openjdk.hotspot.jre.full.win32.x86_64_15.0.1.v20201027-0507\jre\bin;C:\WINDOWS\SYSTEM32;C:\WINDOWS\WinSxS\amd64_microsoft.windows.common-controls_6595b64144ccf1df_6.0.19041.488_none_ca04af081b815d21;C:\Users\Carlos\Downloads\sts-4.9.0.RELEASE\plugins\org.eclipse.justj.openjdk.hotspot.jre.full.win32.x86_64_15.0.1.v20201027-0507\jre\bin\server

VM Arguments:
jvm_args: -XX:+ShowCodeDetailsInExceptionMessages -agentlib:jdwp=transport=dt_socket,suspend=y,address=localhost:49982 -Dcom.sun.management.jmxremote -Dcom.sun.management.jmxremote.port=49981 -Dcom.sun.management.jmxremote.authenticate=false -Dcom.sun.management.jmxremote.ssl=false -Djava.rmi.server.hostname=localhost -Dspring.jmx.enabled=true -Dspring.application.admin.enabled=true -XX:TieredStopAtLevel=1 -Dspring.boot.project.name=aplicativospringrestapi -javaagent:C:\sts-4.9.0.RELEASE\configuration\org.eclipse.osgi\252\0\.cp\lib\javaagent-shaded.jar -Dfile.encoding=UTF-8 
java_command: aplicativo.api.rest.AplicativospringrestapiApplication --spring.output.ansi.enabled=always
java_class_path (initial): C:\Users\Carlos\Documents\ws-meira\aplicativospringrestapi\target\classes;C:\Users\Carlos Meira\.m2\repository\org\springframework\boot\spring-boot-starter-data-jpa\2.4.1\spring-boot-starter-data-jpa-2.4.1.jar;C:\Users\Carlos Meira\.m2\repository\org\springframework\boot\spring-boot-starter-aop\2.4.1\spring-boot-starter-aop-2.4.1.jar;C:\Users\Carlos Meira\.m2\repository\org\aspectj\aspectjweaver\1.9.6\aspectjweaver-1.9.6.jar;C:\Users\Carlos Meira\.m2\repository\jakarta\transaction\jakarta.transaction-api\1.3.3\jakarta.transaction-api-1.3.3.jar;C:\Users\Carlos Meira\.m2\repository\jakarta\persistence\jakarta.persistence-api\2.2.3\jakarta.persistence-api-2.2.3.jar;C:\Users\Carlos Meira\.m2\repository\org\hibernate\hibernate-core\5.4.25.Final\hibernate-core-5.4.25.Final.jar;C:\Users\Carlos Meira\.m2\repository\org\javassist\javassist\3.27.0-GA\javassist-3.27.0-GA.jar;C:\Users\Carlos Meira\.m2\repository\net\bytebuddy\byte-buddy\1.10.18\byte-buddy-1.10.18.jar;C:\Users\Carlos Meira\.m2\repository\antlr\antlr\2.7.7\antlr-2.7.7.jar;C:\Users\Carlos Meira\.m2\repository\org\jboss\jandex\2.1.3.Final\jandex-2.1.3.Final.jar;C:\Users\Carlos Meira\.m2\repository\org\dom4j\dom4j\2.1.3\dom4j-2.1.3.jar;C:\Users\Carlos Meira\.m2\repository\org\hibernate\common\hibernate-commons-annotations\5.1.2.Final\hibernate-commons-annotations-5.1.2.Final.jar;C:\Users\Carlos Meira\.m2\repository\org\glassfish\jaxb\jaxb-runtime\2.3.3\jaxb-runtime-2.3.3.jar;C:\Users\Carlos Meira\.m2\repository\org\glassfish\jaxb\txw2\2.3.3\txw2-2.3.3.jar;C:\Users\Carlos Meira\.m2\repository\com\sun\istack\istack-commons-runtime\3.0.11\istack-commons-runtime-3.0.11.jar;C:\Users\Carlos Meira\.m2\repository\com\sun\activation\jakarta.activation\1.2.2\jakarta.activation-1.2.2.jar;C:\Users\Carlos Meira\.m2\repository\org\springframework\data\spring-data-jpa\2.4.2\spring-data-jpa-2.4.2.jar;C:\Users\Carlos Meira\.m2\repository\org\springframework\data\spring-data-commons\2.4.2\spring-data-comm
Launcher Type: SUN_STANDARD

[Global flags]
     intx CICompilerCount                          = 3                                         {product} {ergonomic}
     uint ConcGCThreads                            = 1                                         {product} {ergonomic}
     uint G1ConcRefinementThreads                  = 4                                         {product} {ergonomic}
   size_t G1HeapRegionSize                         = 1048576                                   {product} {ergonomic}
    uintx GCDrainStackTargetSize                   = 64                                        {product} {ergonomic}
   size_t InitialHeapSize                          = 67108864                                  {product} {ergonomic}
     bool ManagementServer                         = true                                      {product} {command line}
   size_t MarkStackSize                            = 4194304                                   {product} {ergonomic}
   size_t MaxHeapSize                              = 1050673152                                {product} {ergonomic}
   size_t MaxNewSize                               = 630194176                                 {product} {ergonomic}
   size_t MinHeapDeltaBytes                        = 1048576                                   {product} {ergonomic}
   size_t MinHeapSize                              = 8388608                                   {product} {ergonomic}
    uintx NonNMethodCodeHeapSize                   = 6973028                                {pd product} {ergonomic}
    uintx NonProfiledCodeHeapSize                  = 244685212                              {pd product} {ergonomic}
    uintx ProfiledCodeHeapSize                     = 0                                      {pd product} {ergonomic}
    uintx ReservedCodeCacheSize                    = 251658240                              {pd product} {ergonomic}
     bool SegmentedCodeCache                       = true                                      {product} {ergonomic}
     bool ShowCodeDetailsInExceptionMessages       = true                                   {manageable} {command line}
   size_t SoftMaxHeapSize                          = 1050673152                             {manageable} {ergonomic}
     intx TieredStopAtLevel                        = 1                                         {product} {command line}
     bool UseCompressedClassPointers               = true                                 {lp64_product} {ergonomic}
     bool UseCompressedOops                        = true                                 {lp64_product} {ergonomic}
     bool UseG1GC                                  = true                                      {product} {ergonomic}
     bool UseLargePagesIndividualAllocation        = false                                  {pd product} {ergonomic}

Logging:
Log output configuration:
 #0: stdout all=warning uptime,level,tags
 #1: stderr all=off uptime,level,tags

Environment Variables:
JAVA_HOME=C:\Program Files\Java\jdk1.8.0_271
PATH=C:\Users\Carlos\Downloads\sts-4.9.0.RELEASE\plugins\org.eclipse.justj.openjdk.hotspot.jre.full.win32.x86_64_15.0.1.v20201027-0507\jre\bin;C:/sts-4.9.0.RELEASE//plugins/org.eclipse.justj.openjdk.hotspot.jre.full.win32.x86_64_15.0.1.v20201027-0507/jre/bin/server;C:/sts-4.9.0.RELEASE//plugins/org.eclipse.justj.openjdk.hotspot.jre.full.win32.x86_64_15.0.1.v20201027-0507/jre/bin;C:\Program Files (x86)\Common Files\Oracle\Java\javapath;C:\ProgramData\Oracle\Java\javapath;C:\WINDOWS\system32;C:\WINDOWS;C:\WINDOWS\System32\Wbem;C:\WINDOWS\System32\WindowsPowerShell\v1.0\;C:\WINDOWS\System32\OpenSSH\;C:\Users\Carlos Meira\AppData\Local\Microsoft\WindowsApps;;C:\sts-4.9.0.RELEASE;
USERNAME=Carlos Meira
OS=Windows_NT
PROCESSOR_IDENTIFIER=Intel64 Family 6 Model 69 Stepping 1, GenuineIntel



---------------  S Y S T E M  ---------------

OS:
 Windows 10 , 64 bit Build 19041 (10.0.19041.546)
OS uptime: 0 days 0:15 hours

CPU: total 4 (initial active 4) (2 cores per cpu, 2 threads per core) family 6 model 69 stepping 1 microcode 0x25, cmov, cx8, fxsr, mmx, sse, sse2, sse3, ssse3, sse4.1, sse4.2, popcnt, vzeroupper, avx, avx2, aes, clmul, erms, lzcnt, ht, tsc, tscinvbit, bmi1, bmi2, fma, clflush

Memory: 4k page, system-wide physical 4000M (225M free)
TotalPageFile size 4000M (AvailPageFile size 11M)
current process WorkingSet (physical memory assigned to process): 191M, peak: 191M
current process commit charge ("private bytes"): 219M, peak: 233M

vm_info: OpenJDK 64-Bit Server VM (15.0.1+9-18) for windows-amd64 JRE (15.0.1+9-18), built on Sep 15 2020 14:39:31 by "mach5one" with unknown MS VC++:1925

END.
